Copyright 1986-2016 Xilinx, Inc. All Rights Reserved.
------------------------------------------------------------------------------------
| Tool Version : Vivado v.2016.2 (lin64) Build 1577090 Thu Jun  2 16:32:35 MDT 2016
| Date         : Tue Jul 19 16:31:57 2016
| Host         : ASUS running 64-bit Linux Mint 18 Sarah
| Command      : upgrade_ip
| Device       : xc7z010clg400-1
------------------------------------------------------------------------------------

Upgrade Log for IP 'system_processing_system7_0_axi_periph_2'

1. Summary
----------

SUCCESS in the upgrade of system_processing_system7_0_axi_periph_2 (xilinx.com:ip:axi_interconnect:2.1) from (Rev. 8) to (Rev. 10)






Copyright 1986-2016 Xilinx, Inc. All Rights Reserved.
------------------------------------------------------------------------------------
| Tool Version : Vivado v.2016.2 (lin64) Build 1577090 Thu Jun  2 16:32:35 MDT 2016
| Date         : Tue Jul 19 16:31:57 2016
| Host         : ASUS running 64-bit Linux Mint 18 Sarah
| Command      : upgrade_ip
| Device       : xc7z010clg400-1
------------------------------------------------------------------------------------

Upgrade Log for IP 'system_axi_vdma_1_1'

1. Summary
----------

SUCCESS in the upgrade of system_axi_vdma_1_1 (xilinx.com:ip:axi_vdma:6.2) from (Rev. 6) to (Rev. 8)






Copyright 1986-2016 Xilinx, Inc. All Rights Reserved.
------------------------------------------------------------------------------------
| Tool Version : Vivado v.2016.2 (lin64) Build 1577090 Thu Jun  2 16:32:35 MDT 2016
| Date         : Tue Jul 19 16:31:57 2016
| Host         : ASUS running 64-bit Linux Mint 18 Sarah
| Command      : upgrade_ip
| Device       : xc7z010clg400-1
------------------------------------------------------------------------------------

Upgrade Log for IP 'system_axi_vdma_0_0'

1. Summary
----------

SUCCESS in the upgrade of system_axi_vdma_0_0 (xilinx.com:ip:axi_vdma:6.2) from (Rev. 6) to (Rev. 8)






Copyright 1986-2016 Xilinx, Inc. All Rights Reserved.
------------------------------------------------------------------------------------
| Tool Version : Vivado v.2016.2 (lin64) Build 1577090 Thu Jun  2 16:32:35 MDT 2016
| Date         : Tue Jul 19 16:31:57 2016
| Host         : ASUS running 64-bit Linux Mint 18 Sarah
| Command      : upgrade_ip
| Device       : xc7z010clg400-1
------------------------------------------------------------------------------------

Upgrade Log for IP 'system_axi_protocol_converter_0_0'

1. Summary
----------

SUCCESS in the upgrade of system_axi_protocol_converter_0_0 (xilinx.com:ip:axi_protocol_converter:2.1) from (Rev. 7) to (Rev. 9)






Copyright 1986-2016 Xilinx, Inc. All Rights Reserved.
------------------------------------------------------------------------------------
| Tool Version : Vivado v.2016.2 (lin64) Build 1577090 Thu Jun  2 16:32:35 MDT 2016
| Date         : Tue Jul 19 16:31:56 2016
| Host         : ASUS running 64-bit Linux Mint 18 Sarah
| Command      : upgrade_ip
| Device       : xc7z010clg400-1
------------------------------------------------------------------------------------

Upgrade Log for IP 'system_axi_mem_intercon_0'

1. Summary
----------

SUCCESS in the upgrade of system_axi_mem_intercon_0 (xilinx.com:ip:axi_interconnect:2.1) from (Rev. 8) to (Rev. 10)






Copyright 1986-2016 Xilinx, Inc. All Rights Reserved.
------------------------------------------------------------------------------------
| Tool Version : Vivado v.2016.2 (lin64) Build 1577090 Thu Jun  2 16:32:35 MDT 2016
| Date         : Tue Jul 19 16:31:56 2016
| Host         : ASUS running 64-bit Linux Mint 18 Sarah
| Command      : upgrade_ip
| Device       : xc7z010clg400-1
------------------------------------------------------------------------------------

Upgrade Log for IP 'system_SWs_4Bits_2'

1. Summary
----------

SUCCESS in the upgrade of system_SWs_4Bits_2 (xilinx.com:ip:axi_gpio:2.0) from (Rev. 9) to (Rev. 11)






Copyright 1986-2016 Xilinx, Inc. All Rights Reserved.
------------------------------------------------------------------------------------
| Tool Version : Vivado v.2016.2 (lin64) Build 1577090 Thu Jun  2 16:32:35 MDT 2016
| Date         : Tue Jul 19 16:31:56 2016
| Host         : ASUS running 64-bit Linux Mint 18 Sarah
| Command      : upgrade_ip
| Device       : xc7z010clg400-1
------------------------------------------------------------------------------------

Upgrade Log for IP 'system_BTNs_4Bits_0'

1. Summary
----------

SUCCESS in the upgrade of system_BTNs_4Bits_0 (xilinx.com:ip:axi_gpio:2.0) from (Rev. 9) to (Rev. 11)

